<?xml version="1.0" encoding="UTF-8"?>
<testng-results skipped="0" failed="0" ignored="0" total="1" passed="1">
  <reporter-output>
  </reporter-output>
  <suite name="Default suite" duration-ms="54993" started-at="2020-08-04T04:20:47Z" finished-at="2020-08-04T04:21:42Z">
    <groups>
    </groups>
    <test name="Default test" duration-ms="54993" started-at="2020-08-04T04:20:47Z" finished-at="2020-08-04T04:21:42Z">
      <class name="com.vtigercrm.Orgtest.Delete_org_test">
        <test-method status="PASS" signature="Delete_org()[pri:0, instance:com.vtigercrm.Orgtest.Delete_org_test@1593948d]" name="Delete_org" duration-ms="54944" started-at="2020-08-04T09:50:48Z" finished-at="2020-08-04T09:51:42Z">
          <reporter-output>
          </reporter-output>
        </test-method> <!-- Delete_org -->
      </class> <!-- com.vtigercrm.Orgtest.Delete_org_test -->
    </test> <!-- Default test -->
  </suite> <!-- Default suite -->
</testng-results>
